Using pre-set license
Built from '2020.2/release' branch; Version is '2020.2.2f1 (068178b99f32) revision 426360'; Using compiler version '192528614'; Build Type 'Release'
OS: 'Windows 10 Pro; OS build 19044.2130; Version 2009; 64bit' Language: 'en' Physical Memory: 8123 MB
BatchMode: 1, IsHumanControllingUs: 0, StartBugReporterOnCrash: 0, Is64bit: 1, IsPro: 0

 COMMAND LINE ARGUMENTS:
C:\Program Files\Unity\Hub\Editor\2020.2.2f1\Editor\Unity.exe
-adb2
-batchMode
-noUpm
-name
AssetImportWorker0
-projectPath
C:/Users/Yasin/Desktop/Projects/Tycoonis
-logFile
Logs/AssetImportWorker0.log
-srvPort
61884
Successfully changed project path to: C:/Users/Yasin/Desktop/Projects/Tycoonis
C:/Users/Yasin/Desktop/Projects/Tycoonis
Using Asset Import Pipeline V2.
Refreshing native plugins compatible for Editor in 64.39 ms, found 1 plugins.
Preloading 0 native plugins for Editor in 0.00 ms.
Initialize engine version: 2020.2.2f1 (068178b99f32)
[Subsystems] Discovering subsystems at path C:/Program Files/Unity/Hub/Editor/2020.2.2f1/Editor/Data/Resources/UnitySubsystems
[Subsystems] Discovering subsystems at path C:/Users/Yasin/Desktop/Projects/Tycoonis/Assets
GfxDevice: creating device client; threaded=0
Direct3D:
    Version:  Direct3D 11.0 [level 11.1]
    Renderer: NVIDIA GeForce GTX 1650 (ID=0x1f82)
    Vendor:   
    VRAM:     3962 MB
    Driver:   31.0.15.1659
Initialize mono
Mono path[0] = 'C:/Program Files/Unity/Hub/Editor/2020.2.2f1/Editor/Data/Managed'
Mono path[1] = 'C:/Program Files/Unity/Hub/Editor/2020.2.2f1/Editor/Data/MonoBleedingEdge/lib/mono/unityjit'
Mono config path = 'C:/Program Files/Unity/Hub/Editor/2020.2.2f1/Editor/Data/MonoBleedingEdge/etc'
Using monoOptions --debugger-agent=transport=dt_socket,embedding=1,server=y,suspend=n,address=127.0.0.1:56264
Begin MonoManager ReloadAssembly
Registering precompiled unity dll's ...
Register platform support module: C:/Program Files/Unity/Hub/Editor/2020.2.2f1/Editor/Data/PlaybackEngines/WebGLSupport/UnityEditor.WebGL.Extensions.dll
Register platform support module: C:/Program Files/Unity/Hub/Editor/2020.2.2f1/Editor/Data/PlaybackEngines/WindowsStandaloneSupport/UnityEditor.WindowsStandalone.Extensions.dll
Registered in 0.005364 seconds.
Native extension for WindowsStandalone target not found
Native extension for WebGL target not found
Refreshing native plugins compatible for Editor in 42.14 ms, found 1 plugins.
Preloading 0 native plugins for Editor in 0.00 ms.
Invoked RoslynAnalysisRunner static constructor.
RoslynAnalysisRunner will not be running.
RoslynAnalysisRunner has terminated.
Mono: successfully reloaded assembly
- Completed reload, in  3.504 seconds
Platform modules already initialized, skipping
Registering precompiled user dll's ...
Registered in 0.002546 seconds.
Begin MonoManager ReloadAssembly
Native extension for WindowsStandalone target not found
Native extension for WebGL target not found
Refreshing native plugins compatible for Editor in 46.13 ms, found 1 plugins.
Preloading 0 native plugins for Editor in 0.00 ms.
Invoked RoslynAnalysisRunner static constructor.
RoslynAnalysisRunner will not be running.
RoslynAnalysisRunner has terminated.
Mono: successfully reloaded assembly
- Completed reload, in  1.058 seconds
Platform modules already initialized, skipping
========================================================================
Worker process is ready to serve import requests
Launched and connected shader compiler UnityShaderCompiler.exe after 0.05 seconds
Refreshing native plugins compatible for Editor in 0.57 ms, found 1 plugins.
Preloading 0 native plugins for Editor in 0.00 ms.
Unloading 1916 Unused Serialized files (Serialized files now loaded: 0)
System memory in use before: 87.6 MB.
System memory in use after: 87.7 MB.

Unloading 32 unused Assets to reduce memory usage. Loaded Objects now: 2352.
Total: 2.329000 ms (FindLiveObjects: 0.353100 ms CreateObjectMapping: 0.052000 ms MarkObjects: 1.849100 ms  DeleteObjects: 0.073000 ms)

========================================================================
Received Import Request.
  path: Assets/EventAssets/Untitled-1.png
  artifactKey: Guid(5ae73ad605a8aee479050bf0f566ff9a) Importer(815301076,1909f56bfc062723c751e8b465ee728b)
Start importing Assets/EventAssets/Untitled-1.png using Guid(5ae73ad605a8aee479050bf0f566ff9a) Importer(815301076,1909f56bfc062723c751e8b465ee728b)  -> (artifact id: '2a0ff1ba0f7c29c9690619ea45934244') in 0.135524 seconds
  Import took 0.142102 seconds .

========================================================================
Received Import Request.
  Time since last request: 2.743447 seconds.
  path: Assets/EventAssets/texture (1).png
  artifactKey: Guid(86e115660a98ea544aa6ff7ad73c5e25) Importer(815301076,1909f56bfc062723c751e8b465ee728b)
Start importing Assets/EventAssets/texture (1).png using Guid(86e115660a98ea544aa6ff7ad73c5e25) Importer(815301076,1909f56bfc062723c751e8b465ee728b)  -> (artifact id: '94ef59bb41850a2774c87bb3ccdd791a') in 0.017318 seconds
  Import took 0.021685 seconds .

========================================================================
Received Import Request.
  Time since last request: 0.000338 seconds.
  path: Assets/EventAssets/texture.png
  artifactKey: Guid(e1212fb0318398542b4e963ee43d5a73) Importer(815301076,1909f56bfc062723c751e8b465ee728b)
Start importing Assets/EventAssets/texture.png using Guid(e1212fb0318398542b4e963ee43d5a73) Importer(815301076,1909f56bfc062723c751e8b465ee728b)  -> (artifact id: '9aebd13e72746696391e6c2edbeef89b') in 0.029856 seconds
  Import took 0.033609 seconds .

========================================================================
Received Import Request.
  Time since last request: 47.596658 seconds.
  path: Assets/EventThrover.cs
  artifactKey: Guid(91edd174ba710a14c89508b7b808e586) Importer(815301076,1909f56bfc062723c751e8b465ee728b)
Start importing Assets/EventThrover.cs using Guid(91edd174ba710a14c89508b7b808e586) Importer(815301076,1909f56bfc062723c751e8b465ee728b)  -> (artifact id: 'e310a0383573be85ab40c00cb24f4cb4') in 0.015109 seconds
  Import took 0.019796 seconds .

========================================================================
Received Import Request.
  Time since last request: 0.000520 seconds.
  path: Assets/EventThrover.cs
  artifactKey: Guid(91edd174ba710a14c89508b7b808e586) Importer(815301076,1909f56bfc062723c751e8b465ee728b)
Start importing Assets/EventThrover.cs using Guid(91edd174ba710a14c89508b7b808e586) Importer(815301076,1909f56bfc062723c751e8b465ee728b)  -> (artifact id: 'e310a0383573be85ab40c00cb24f4cb4') in 0.003166 seconds
  Import took 0.008722 seconds .

========================================================================
Received Import Request.
  Time since last request: 0.821226 seconds.
  path: Assets/Event_BCK.cs
  artifactKey: Guid(409d1de03547ef94fabf8857aba33d43) Importer(815301076,1909f56bfc062723c751e8b465ee728b)
Start importing Assets/Event_BCK.cs using Guid(409d1de03547ef94fabf8857aba33d43) Importer(815301076,1909f56bfc062723c751e8b465ee728b)  -> (artifact id: 'e77eeb349fe2cb517229adf9df3a8a70') in 0.008460 seconds
  Import took 0.013486 seconds .

========================================================================
Received Import Request.
  Time since last request: 0.623111 seconds.
  path: Assets/BanditScript.cs
  artifactKey: Guid(a2a3a3383d9fe9e44b77575007577346) Importer(815301076,1909f56bfc062723c751e8b465ee728b)
Start importing Assets/BanditScript.cs using Guid(a2a3a3383d9fe9e44b77575007577346) Importer(815301076,1909f56bfc062723c751e8b465ee728b)  -> (artifact id: 'd85bed022ebbd9e7653986509098b87b') in 0.007074 seconds
  Import took 0.011498 seconds .

========================================================================
Received Prepare
Registering precompiled user dll's ...
Registered in 0.001306 seconds.
Begin MonoManager ReloadAssembly
Native extension for WindowsStandalone target not found
Native extension for WebGL target not found
Refreshing native plugins compatible for Editor in 0.56 ms, found 1 plugins.
Preloading 0 native plugins for Editor in 0.00 ms.
Invoked RoslynAnalysisRunner static constructor.
RoslynAnalysisRunner will not be running.
RoslynAnalysisRunner has terminated.
Mono: successfully reloaded assembly
- Completed reload, in  0.958 seconds
Platform modules already initialized, skipping
Refreshing native plugins compatible for Editor in 0.65 ms, found 1 plugins.
Preloading 0 native plugins for Editor in 0.00 ms.
Unloading 1906 Unused Serialized files (Serialized files now loaded: 0)
System memory in use before: 90.5 MB.
System memory in use after: 90.7 MB.

Unloading 20 unused Assets to reduce memory usage. Loaded Objects now: 2361.
Total: 2.547700 ms (FindLiveObjects: 0.527300 ms CreateObjectMapping: 0.070400 ms MarkObjects: 1.923200 ms  DeleteObjects: 0.023400 ms)

========================================================================
Received Prepare
Registering precompiled user dll's ...
Registered in 0.001280 seconds.
Begin MonoManager ReloadAssembly
Native extension for WindowsStandalone target not found
Native extension for WebGL target not found
Refreshing native plugins compatible for Editor in 0.54 ms, found 1 plugins.
Preloading 0 native plugins for Editor in 0.00 ms.
Invoked RoslynAnalysisRunner static constructor.
RoslynAnalysisRunner will not be running.
RoslynAnalysisRunner has terminated.
Mono: successfully reloaded assembly
- Completed reload, in  0.914 seconds
Platform modules already initialized, skipping
Refreshing native plugins compatible for Editor in 0.60 ms, found 1 plugins.
Preloading 0 native plugins for Editor in 0.00 ms.
Unloading 1906 Unused Serialized files (Serialized files now loaded: 0)
System memory in use before: 90.7 MB.
System memory in use after: 90.8 MB.

Unloading 20 unused Assets to reduce memory usage. Loaded Objects now: 2364.
Total: 2.440500 ms (FindLiveObjects: 0.481100 ms CreateObjectMapping: 0.056900 ms MarkObjects: 1.875800 ms  DeleteObjects: 0.024800 ms)

========================================================================
Received Import Request.
  Time since last request: 19.664447 seconds.
  path: Assets/Materials
  artifactKey: Guid(df20f86094a8f004ba6ae9d9833324f6) Importer(815301076,1909f56bfc062723c751e8b465ee728b)
Start importing Assets/Materials using Guid(df20f86094a8f004ba6ae9d9833324f6) Importer(815301076,1909f56bfc062723c751e8b465ee728b)  -> (artifact id: 'f0e71a1c45cec4c24ec1056ff8a487d5') in 0.011628 seconds
  Import took 0.052935 seconds .

========================================================================
Received Import Request.
  Time since last request: 10.254845 seconds.
  path: Assets/Materials/GUI (1).png
  artifactKey: Guid(babe879c126a57e41ad7a1cab721c1a4) Importer(815301076,1909f56bfc062723c751e8b465ee728b)
Start importing Assets/Materials/GUI (1).png using Guid(babe879c126a57e41ad7a1cab721c1a4) Importer(815301076,1909f56bfc062723c751e8b465ee728b)  -> (artifact id: '1ca72dce3ecf8b83f37478e5765ecbff') in 0.052981 seconds
  Import took 0.056965 seconds .

========================================================================
Received Import Request.
  Time since last request: 0.012408 seconds.
  path: Assets/Materials/GUI (1).png
  artifactKey: Guid(babe879c126a57e41ad7a1cab721c1a4) Importer(815301076,1909f56bfc062723c751e8b465ee728b)
Start importing Assets/Materials/GUI (1).png using Guid(babe879c126a57e41ad7a1cab721c1a4) Importer(815301076,1909f56bfc062723c751e8b465ee728b)  -> (artifact id: '1ca72dce3ecf8b83f37478e5765ecbff') in 0.011340 seconds
  Import took 0.014535 seconds .

========================================================================
Received Import Request.
  Time since last request: 14.336617 seconds.
  path: Assets/Materials/GUI (1).png
  artifactKey: Guid(babe879c126a57e41ad7a1cab721c1a4) Importer(815301076,1909f56bfc062723c751e8b465ee728b)
Start importing Assets/Materials/GUI (1).png using Guid(babe879c126a57e41ad7a1cab721c1a4) Importer(815301076,1909f56bfc062723c751e8b465ee728b)  -> (artifact id: '7fbb9ae15edd171d8724558e35eaa9a9') in 0.014412 seconds
  Import took 0.019222 seconds .

========================================================================
Received Import Request.
  Time since last request: 0.045595 seconds.
  path: Assets/Materials/GUI (1).png
  artifactKey: Guid(babe879c126a57e41ad7a1cab721c1a4) Importer(815301076,1909f56bfc062723c751e8b465ee728b)
Start importing Assets/Materials/GUI (1).png using Guid(babe879c126a57e41ad7a1cab721c1a4) Importer(815301076,1909f56bfc062723c751e8b465ee728b)  -> (artifact id: '7fbb9ae15edd171d8724558e35eaa9a9') in 0.018577 seconds
  Import took 0.022250 seconds .

========================================================================
Received Import Request.
  Time since last request: 87.301015 seconds.
  path: Assets/Materials/GUI (1).png
  artifactKey: Guid(babe879c126a57e41ad7a1cab721c1a4) Importer(815301076,1909f56bfc062723c751e8b465ee728b)
Start importing Assets/Materials/GUI (1).png using Guid(babe879c126a57e41ad7a1cab721c1a4) Importer(815301076,1909f56bfc062723c751e8b465ee728b)  -> (artifact id: 'ea47e843a94fd24b959e5dad943e8627') in 0.260019 seconds
  Import took 0.264666 seconds .

========================================================================
Received Import Request.
  Time since last request: 11.698263 seconds.
  path: Assets/Materials/City_Transparent.mat
  artifactKey: Guid(e42113a0da07dca438dbfe0eca3dd0ed) Importer(815301076,1909f56bfc062723c751e8b465ee728b)
Start importing Assets/Materials/City_Transparent.mat using Guid(e42113a0da07dca438dbfe0eca3dd0ed) Importer(815301076,1909f56bfc062723c751e8b465ee728b)  -> (artifact id: 'f9136c7632f358c34349a3cf08490dac') in 0.053472 seconds
  Import took 0.057597 seconds .

========================================================================
Received Prepare
Registering precompiled user dll's ...
Registered in 0.003681 seconds.
Begin MonoManager ReloadAssembly
Native extension for WindowsStandalone target not found
Native extension for WebGL target not found
Refreshing native plugins compatible for Editor in 0.73 ms, found 1 plugins.
Preloading 0 native plugins for Editor in 0.00 ms.
Invoked RoslynAnalysisRunner static constructor.
RoslynAnalysisRunner will not be running.
RoslynAnalysisRunner has terminated.
Mono: successfully reloaded assembly
- Completed reload, in  1.094 seconds
Platform modules already initialized, skipping
Refreshing native plugins compatible for Editor in 0.73 ms, found 1 plugins.
Preloading 0 native plugins for Editor in 0.00 ms.
Unloading 1907 Unused Serialized files (Serialized files now loaded: 0)
System memory in use before: 91.2 MB.
System memory in use after: 91.3 MB.

Unloading 20 unused Assets to reduce memory usage. Loaded Objects now: 2511.
Total: 5.325100 ms (FindLiveObjects: 0.893600 ms CreateObjectMapping: 0.153500 ms MarkObjects: 4.230400 ms  DeleteObjects: 0.042300 ms)

========================================================================
Received Prepare
Registering precompiled user dll's ...
Registered in 0.002277 seconds.
Begin MonoManager ReloadAssembly
Native extension for WindowsStandalone target not found
Native extension for WebGL target not found
Refreshing native plugins compatible for Editor in 0.56 ms, found 1 plugins.
Preloading 0 native plugins for Editor in 0.00 ms.
Invoked RoslynAnalysisRunner static constructor.
RoslynAnalysisRunner will not be running.
RoslynAnalysisRunner has terminated.
Mono: successfully reloaded assembly
- Completed reload, in  1.140 seconds
Platform modules already initialized, skipping
Refreshing native plugins compatible for Editor in 0.89 ms, found 1 plugins.
Preloading 0 native plugins for Editor in 0.00 ms.
Unloading 1907 Unused Serialized files (Serialized files now loaded: 0)
System memory in use before: 91.3 MB.
System memory in use after: 91.4 MB.

Unloading 20 unused Assets to reduce memory usage. Loaded Objects now: 2514.
Total: 2.562600 ms (FindLiveObjects: 0.306400 ms CreateObjectMapping: 0.111900 ms MarkObjects: 2.122700 ms  DeleteObjects: 0.019300 ms)

========================================================================
Received Import Request.
  Time since last request: 619.343399 seconds.
  path: Assets/Materials/GUI (1).png
  artifactKey: Guid(babe879c126a57e41ad7a1cab721c1a4) Importer(815301076,1909f56bfc062723c751e8b465ee728b)
Start importing Assets/Materials/GUI (1).png using Guid(babe879c126a57e41ad7a1cab721c1a4) Importer(815301076,1909f56bfc062723c751e8b465ee728b)  -> (artifact id: '06459f6408fc3d7f5a67e9b1f294250e') in 0.388671 seconds
  Import took 0.393942 seconds .

========================================================================
Received Import Request.
  Time since last request: 222.110787 seconds.
  path: Assets/Materials/GUI (1).png
  artifactKey: Guid(babe879c126a57e41ad7a1cab721c1a4) Importer(815301076,1909f56bfc062723c751e8b465ee728b)
Start importing Assets/Materials/GUI (1).png using Guid(babe879c126a57e41ad7a1cab721c1a4) Importer(815301076,1909f56bfc062723c751e8b465ee728b)  -> (artifact id: 'e7f437d7ab983e27776f2e4ca92ef4b6') in 0.197433 seconds
  Import took 0.202104 seconds .

========================================================================
Received Prepare
Registering precompiled user dll's ...
Registered in 0.002861 seconds.
Begin MonoManager ReloadAssembly
Native extension for WindowsStandalone target not found
Native extension for WebGL target not found
Refreshing native plugins compatible for Editor in 0.67 ms, found 1 plugins.
Preloading 0 native plugins for Editor in 0.00 ms.
Invoked RoslynAnalysisRunner static constructor.
RoslynAnalysisRunner will not be running.
RoslynAnalysisRunner has terminated.
Mono: successfully reloaded assembly
- Completed reload, in  1.291 seconds
Platform modules already initialized, skipping
Refreshing native plugins compatible for Editor in 0.77 ms, found 1 plugins.
Preloading 0 native plugins for Editor in 0.00 ms.
Unloading 1907 Unused Serialized files (Serialized files now loaded: 0)
System memory in use before: 91.5 MB.
System memory in use after: 91.6 MB.

Unloading 20 unused Assets to reduce memory usage. Loaded Objects now: 2526.
Total: 2.751400 ms (FindLiveObjects: 0.383400 ms CreateObjectMapping: 0.050200 ms MarkObjects: 2.291500 ms  DeleteObjects: 0.024900 ms)

AssetImportWorkerClient::OnTransportError - code=2 error=End of file
